<?xml version="1.0" encoding="UTF-8"?>
<robot generator="Robot 3.1.2 (Python 3.8.2 on win32)" generated="20200429 10:57:12.416" rpa="false">
<suite id="s1" name="测试集合" source="D:\git_hub\untitled1\Robot\web\测试集合.robot">
<test id="s1-t1" name="测试用例1">
<kw name="Log" library="BuiltIn">
<doc>Logs the given message with the given level.</doc>
<arguments>
<arg>Hello, world!</arg>
</arguments>
<msg timestamp="20200429 10:57:12.438" level="INFO">Hello, world!</msg>
<status status="PASS" starttime="20200429 10:57:12.437" endtime="20200429 10:57:12.438"></status>
</kw>
<status status="PASS" starttime="20200429 10:57:12.437" endtime="20200429 10:57:12.438" critical="yes"></status>
</test>
<status status="PASS" starttime="20200429 10:57:12.417" endtime="20200429 10:57:12.438"></status>
</suite>
<statistics>
<total>
<stat pass="1" fail="0">Critical Tests</stat>
<stat pass="1" fail="0">All Tests</stat>
</total>
<tag>
</tag>
<suite>
<stat pass="1" fail="0" id="s1" name="测试集合">测试集合</stat>
</suite>
</statistics>
<errors>
</errors>
</robot>
